[debug] [2021-02-23T09:58:24.472Z] ----------------------------------------------------------------------
[debug] [2021-02-23T09:58:24.474Z] Command:       C:\Program Files\nodejs\node.exe C:\Users\beesh\AppData\Roaming\npm\node_modules\firebase-tools\lib\bin\firebase.js init
[debug] [2021-02-23T09:58:24.474Z] CLI Version:   9.5.0
[debug] [2021-02-23T09:58:24.474Z] Platform:      win32
[debug] [2021-02-23T09:58:24.474Z] Node Version:  v14.15.4
[debug] [2021-02-23T09:58:24.475Z] Time:          Tue Feb 23 2021 12:58:24 GMT+0300 (Arabian Standard Time)
[debug] [2021-02-23T09:58:24.475Z] ----------------------------------------------------------------------
[debug] [2021-02-23T09:58:24.476Z] 
[debug] [2021-02-23T09:58:24.481Z] > command requires scopes: ["email","openid","https://www.googleapis.com/auth/cloudplatformprojects.readonly","https://www.googleapis.com/auth/firebase","https://www.googleapis.com/auth/cloud-platform"]
[debug] [2021-02-23T09:58:24.481Z] > authorizing via signed-in user
[info] 
     ######## #### ########  ######## ########     ###     ######  ########
     ##        ##  ##     ## ##       ##     ##  ##   ##  ##       ##
     ######    ##  ########  ######   ########  #########  ######  ######
     ##        ##  ##    ##  ##       ##     ## ##     ##       ## ##
     ##       #### ##     ## ######## ########  ##     ##  ######  ########

You're about to initialize a Firebase project in this directory:

  C:\Users\beesh\Desktop\portfolio

Before we get started, keep in mind:

  * You are initializing in an existing Firebase project directory

[info] 
=== Project Setup
[info] 
[info] First, let's associate this project directory with a Firebase project.
[info] You can create multiple project aliases by running firebase use --add, 
[info] but for now we'll just set up a default project.
[info] 
[info] i  .firebaserc already has a default project, using developer-bashayer. 
[debug] [2021-02-23T09:58:49.074Z] >>> [apiv2][query] GET https://firebase.googleapis.com/v1beta1/projects/developer-bashayer [none]
[debug] [2021-02-23T09:58:50.471Z] <<< [apiv2][status] GET https://firebase.googleapis.com/v1beta1/projects/developer-bashayer 403
[debug] [2021-02-23T09:58:50.472Z] <<< [apiv2][body] GET https://firebase.googleapis.com/v1beta1/projects/developer-bashayer {"error":{"code":403,"message":"The caller does not have permission","status":"PERMISSION_DENIED"}}
[debug] [2021-02-23T09:58:50.472Z] HTTP Error: 403, The caller does not have permission
[debug] [2021-02-23T09:58:51.193Z] FirebaseError: HTTP Error: 403, The caller does not have permission
    at module.exports (C:\Users\beesh\AppData\Roaming\npm\node_modules\firebase-tools\lib\responseToError.js:38:12)
    at Client.doRequest (C:\Users\beesh\AppData\Roaming\npm\node_modules\firebase-tools\lib\apiv2.js:238:23)
    at processTicksAndRejections (internal/process/task_queues.js:93:5)
    at async Client.request (C:\Users\beesh\AppData\Roaming\npm\node_modules\firebase-tools\lib\apiv2.js:96:20)
    at async Object.getFirebaseProject (C:\Users\beesh\AppData\Roaming\npm\node_modules\firebase-tools\lib\management\projects.js:289:21)
    at async Object.doSetup [as project] (C:\Users\beesh\AppData\Roaming\npm\node_modules\firebase-tools\lib\init\features\project.js:77:27)
    at async init (C:\Users\beesh\AppData\Roaming\npm\node_modules\firebase-tools\lib\init\index.js:19:9)
[error] 
[error] Error: Failed to get Firebase project developer-bashayer. Please make sure the project exists and your account has permission to access it.
[debug] [2021-02-24T07:39:04.232Z] ----------------------------------------------------------------------
[debug] [2021-02-24T07:39:04.235Z] Command:       C:\Program Files\nodejs\node.exe C:\Users\beesh\AppData\Roaming\npm\node_modules\firebase-tools\lib\bin\firebase.js init
[debug] [2021-02-24T07:39:04.236Z] CLI Version:   9.5.0
[debug] [2021-02-24T07:39:04.236Z] Platform:      win32
[debug] [2021-02-24T07:39:04.236Z] Node Version:  v14.15.4
[debug] [2021-02-24T07:39:04.241Z] Time:          Wed Feb 24 2021 10:39:04 GMT+0300 (Arabian Standard Time)
[debug] [2021-02-24T07:39:04.241Z] ----------------------------------------------------------------------
[debug] [2021-02-24T07:39:04.241Z] 
[debug] [2021-02-24T07:39:04.250Z] > command requires scopes: ["email","openid","https://www.googleapis.com/auth/cloudplatformprojects.readonly","https://www.googleapis.com/auth/firebase","https://www.googleapis.com/auth/cloud-platform"]
[debug] [2021-02-24T07:39:04.250Z] > authorizing via signed-in user
[info] 
     ######## #### ########  ######## ########     ###     ######  ########
     ##        ##  ##     ## ##       ##     ##  ##   ##  ##       ##
     ######    ##  ########  ######   ########  #########  ######  ######
     ##        ##  ##    ##  ##       ##     ## ##     ##       ## ##
     ##       #### ##     ## ######## ########  ##     ##  ######  ########

You're about to initialize a Firebase project in this directory:

  C:\Users\beesh\Desktop\portfolio

Before we get started, keep in mind:

  * You are initializing in an existing Firebase project directory

[info] 
=== Project Setup
[info] 
[info] First, let's associate this project directory with a Firebase project.
[info] You can create multiple project aliases by running firebase use --add, 
[info] but for now we'll just set up a default project.
[info] 
[info] i  .firebaserc already has a default project, using developer-bashayer. 
[debug] [2021-02-24T07:39:23.272Z] > refreshing access token with scopes: []
[debug] [2021-02-24T07:39:23.273Z] >>> HTTP REQUEST POST https://www.googleapis.com/oauth2/v3/token  
 <request body omitted>
[debug] [2021-02-24T07:39:24.092Z] <<< HTTP RESPONSE 200 {"date":"Wed, 24 Feb 2021 07:39:24 GMT","expires":"Mon, 01 Jan 1990 00:00:00 GMT","cache-control":"no-cache, no-store, max-age=0, must-revalidate","pragma":"no-cache","content-type":"application/json; charset=utf-8","vary":"X-Origin, Referer, Origin,Accept-Encoding","server":"scaffolding on HTTPServer2","x-xss-protection":"0","x-frame-options":"SAMEORIGIN","x-content-type-options":"nosniff","alt-svc":"h3-29=\":443\"; ma=2592000,h3-T051=\":443\"; ma=2592000,h3-Q050=\":443\"; ma=2592000,h3-Q046=\":443\"; ma=2592000,h3-Q043=\":443\"; ma=2592000,quic=\":443\"; ma=2592000; v=\"46,43\"","accept-ranges":"none","transfer-encoding":"chunked"}
[debug] [2021-02-24T07:39:24.120Z] >>> [apiv2][query] GET https://firebase.googleapis.com/v1beta1/projects/developer-bashayer [none]
[debug] [2021-02-24T07:39:24.845Z] <<< [apiv2][status] GET https://firebase.googleapis.com/v1beta1/projects/developer-bashayer 200
[debug] [2021-02-24T07:39:24.845Z] <<< [apiv2][body] GET https://firebase.googleapis.com/v1beta1/projects/developer-bashayer {"projectId":"developer-bashayer","projectNumber":"620047003739","displayName":"developer-bashayer","name":"projects/developer-bashayer","resources":{"hostingSite":"developer-bashayer"},"state":"ACTIVE"}
[info] 
=== Hosting Setup
[info] 
[info] Your public directory is the folder (relative to your project directory) that
[info] will contain Hosting assets to be uploaded with firebase deploy. If you
[info] have a build process for your assets, use your build's output directory.
[info] 
[debug] [2021-02-24T07:50:12.542Z] >>> [apiv2][query] GET https://www.gstatic.com/firebasejs/releases.json [none]
[debug] [2021-02-24T07:50:13.297Z] <<< [apiv2][status] GET https://www.gstatic.com/firebasejs/releases.json 200
[debug] [2021-02-24T07:50:13.297Z] <<< [apiv2][body] GET https://www.gstatic.com/firebasejs/releases.json {"current":{"version":"8.2.9","browserURL":"https://www.gstatic.com/firebasejs/8.2.9/firebase.js","packageURL":"https://www.gstatic.com/firebasejs/8.2.9/firebase.tgz"},"live":{"version":"8.2","browserURL":"https://www.gstatic.com/firebasejs/live/8.2/firebase.js","packageURL":"https://www.gstatic.com/firebasejs/live/8.2/firebase.tgz"},"components":{"analytics":"https://www.gstatic.com/firebasejs/8.2.9/firebase-analytics.js","app":"https://www.gstatic.com/firebasejs/8.2.9/firebase-app.js","auth":"https://www.gstatic.com/firebasejs/8.2.9/firebase-auth.js","database":"https://www.gstatic.com/firebasejs/8.2.9/firebase-database.js","firestore":"https://www.gstatic.com/firebasejs/8.2.9/firebase-firestore.js","functions":"https://www.gstatic.com/firebasejs/8.2.9/firebase-functions.js","installations":"https://www.gstatic.com/firebasejs/8.2.9/firebase-installations.js","messaging":"https://www.gstatic.com/firebasejs/8.2.9/firebase-messaging.js","storage":"https://www.gstatic.com/firebasejs/8.2.9/firebase-storage.js","performance":"https://www.gstatic.com/firebasejs/8.2.9/firebase-performance.js","remote-config":"https://www.gstatic.com/firebasejs/8.2.9/firebase-remote-config.js","firestore.memory":"https://www.gstatic.com/firebasejs/8.2.9/firebase-firestore.memory.js"}}
[info] i  Skipping write of build/index.html 
[info] 
[info] i  Didn't detect a .git folder. Assuming C:\Users\beesh\Desktop\portfolio is the project root. 
[info] i  Authorizing with GitHub to upload your service account to a GitHub repository's secrets store. 
[info] 
[info] Visit this URL on this device to log in:
[info] https://github.com/login/oauth/authorize?client_id=89cf50f02ac6aaed3484&state=891578686&redirect_uri=http%3A%2F%2Flocalhost%3A9005&scope=read%3Auser%20repo%20public_repo
[info] 
[info] Waiting for authentication...
[debug] [2021-02-24T07:55:21.100Z] >>> HTTP REQUEST POST https://github.com/login/oauth/access_token  
 {"client_id":"89cf50f02ac6aaed3484","client_secret":"3330d14abc895d9a74d5f17cd7a00711fa2c5bf0","code":"bbe8d57430531f1afc39","redirect_uri":"http://localhost:9005","state":"891578686"}
[debug] [2021-02-24T07:55:22.050Z] <<< HTTP RESPONSE 200 {"server":"GitHub.com","date":"Wed, 24 Feb 2021 07:55:22 GMT","content-type":"application/json; charset=utf-8","vary":"X-PJAX, Accept-Encoding, Accept, X-Requested-With","etag":"W/\"a777472d69c829e0d305546be024a60b\"","cache-control":"max-age=0, private, must-revalidate","strict-transport-security":"max-age=31536000; includeSubdomains; preload","x-frame-options":"deny","x-content-type-options":"nosniff","x-xss-protection":"1; mode=block","referrer-policy":"origin-when-cross-origin, strict-origin-when-cross-origin","expect-ct":"max-age=2592000, report-uri=\"https://api.github.com/_private/browser/errors\"","content-security-policy":"default-src 'none'; base-uri 'self'; block-all-mixed-content; connect-src 'self' uploads.github.com www.githubstatus.com collector.githubapp.com api.github.com github-cloud.s3.amazonaws.com github-production-repository-file-5c1aeb.s3.amazonaws.com github-production-upload-manifest-file-7fdce7.s3.amazonaws.com github-production-user-asset-6210df.s3.amazonaws.com cdn.optimizely.com logx.optimizely.com/v1/events wss://alive.github.com; font-src github.githubassets.com; form-action 'self' github.com gist.github.com; frame-ancestors 'none'; frame-src render.githubusercontent.com; img-src 'self' data: github.githubassets.com identicons.github.com collector.githubapp.com github-cloud.s3.amazonaws.com user-images.githubusercontent.com/ *.githubusercontent.com; manifest-src 'self'; media-src 'none'; script-src github.githubassets.com; style-src 'unsafe-inline' github.githubassets.com; worker-src github.com/socket-worker-5029ae85.js gist.github.com/socket-worker-5029ae85.js","x-github-request-id":"0664:180D:1C3F456:2021833:6036066A","transfer-encoding":"chunked"}
[debug] [2021-02-24T07:55:22.067Z] >>> [apiv2][query] GET https://api.github.com/user [none]
[debug] [2021-02-24T07:55:22.957Z] <<< [apiv2][status] GET https://api.github.com/user 200
[debug] [2021-02-24T07:55:22.957Z] <<< [apiv2][body] GET https://api.github.com/user {"login":"BashayerAL","id":27586577,"node_id":"MDQ6VXNlcjI3NTg2NTc3","avatar_url":"https://avatars.githubusercontent.com/u/27586577?v=4","gravatar_id":"","url":"https://api.github.com/users/BashayerAL","html_url":"https://github.com/BashayerAL","followers_url":"https://api.github.com/users/BashayerAL/followers","following_url":"https://api.github.com/users/BashayerAL/following{/other_user}","gists_url":"https://api.github.com/users/BashayerAL/gists{/gist_id}","starred_url":"https://api.github.com/users/BashayerAL/starred{/owner}{/repo}","subscriptions_url":"https://api.github.com/users/BashayerAL/subscriptions","organizations_url":"https://api.github.com/users/BashayerAL/orgs","repos_url":"https://api.github.com/users/BashayerAL/repos","events_url":"https://api.github.com/users/BashayerAL/events{/privacy}","received_events_url":"https://api.github.com/users/BashayerAL/received_events","type":"User","site_admin":false,"name":null,"company":null,"blog":"","location":"Saudi Arabia","email":"Beesh54n@gmail.com","hireable":null,"bio":"Love to learn and train others.","twitter_username":null,"public_repos":13,"public_gists":0,"followers":2,"following":4,"created_at":"2017-04-15T22:25:28Z","updated_at":"2021-02-24T07:55:21Z","private_gists":0,"total_private_repos":0,"owned_private_repos":0,"disk_usage":11073,"collaborators":0,"two_factor_authentication":false,"plan":{"name":"free","space":976562499,"collaborators":0,"private_repos":10000}}
[info] 
[info] +  Success! Logged into GitHub as BashayerAL 
[info] 
